<?xml version="1.0" encoding="UTF-8"?>
<!-- Generated by org.testng.reporters.JUnitXMLReporter -->
<testsuite ignored="0" hostname="LAPTOP-H0GFDE3R" failures="1" tests="1" name="mycourse" time="13.297" errors="0" timestamp="02 Feb 2022 01:32:39 GMT">
  <testcase classname="tests1.CoursesPageTest" name="getCourse" time="10.027">
    <failure type="java.lang.IllegalArgumentException" message="Cannot find elements when the selector is null">
      <![CDATA[java.lang.IllegalArgumentException: Cannot find elements when the selector is null
at org.openqa.selenium.internal.Require$ArgumentChecker.nonNull(Require.java:92)
at org.openqa.selenium.By$ByCssSelector.<init>(By.java:329)
at org.openqa.selenium.By.cssSelector(By.java:112)
at pageObjectsPack.GoogleAddPage.<init>(GoogleAddPage.java:8)
at pageObjectsPack.RahulshettyacademyHomePage.getAllCourse(RahulshettyacademyHomePage.java:34)
at tests1.CoursesPageTest.getCourse(CoursesPageTest.java:38)
... Removed 25 stack frames]]>
    </failure>
  </testcase> <!-- getCourse -->
</testsuite> <!-- mycourse -->
